<?xml version="1.0" ?>
<!DOCTYPE coverage SYSTEM "http://cobertura.sourceforge.net/xml/coverage-04.dtd">
<coverage lines-valid="5799" lines-covered="4868" line-rate="0.8393999999999999" branches-valid="1548" branches-covered="1335" branch-rate="0.8623999999999999" timestamp="1753127197788" complexity="0" version="0.1">
  <sources>
    <source>/Users/mdavid/dev/examples/jiracle-2</source>
  </sources>
  <packages>
    <package name="dist" line-rate="0.8059000000000001" branch-rate="0.8341">
      <classes>
        <class name="app.js" filename="dist/app.js" line-rate="0.7726999999999999" branch-rate="0.8">
          <methods>
            <method name="App" hits="7" signature="()V">
              <lines>
                <line number="7" hits="7"/>
              </lines>
            </method>
          </methods>
          <lines>
            <line number="1" hits="36" branch="true" condition-coverage="100% (1/1)"/>
            <line number="2" hits="36" branch="false"/>
            <line number="3" hits="36" branch="false"/>
            <line number="4" hits="36" branch="false"/>
            <line number="5" hits="36" branch="false"/>
            <line number="6" hits="36" branch="false"/>
            <line number="7" hits="36" branch="true" condition-coverage="100% (1/1)"/>
            <line number="8" hits="7" branch="false"/>
            <line number="9" hits="7" branch="false"/>
            <line number="10" hits="7" branch="true" condition-coverage="100% (1/1)"/>
            <line number="11" hits="4" branch="false"/>
            <line number="12" hits="4" branch="false"/>
            <line number="13" hits="5" branch="true" condition-coverage="66.66666666666666% (2/3)"/>
            <line number="14" hits="0" branch="false"/>
            <line number="15" hits="0" branch="false"/>
            <line number="16" hits="0" branch="false"/>
            <line number="17" hits="0" branch="false"/>
            <line number="18" hits="7" branch="true" condition-coverage="100% (3/3)"/>
            <line number="19" hits="3" branch="false"/>
            <line number="20" hits="3" branch="false"/>
            <line number="21" hits="0" branch="true" condition-coverage="0% (0/1)"/>
            <line number="22" hits="7" branch="false"/>
          </lines>
        </class>
        <class name="cli.js" filename="dist/cli.js" line-rate="0.6640999999999999" branch-rate="0.8362999999999999">
          <methods>
            <method name="executeWorklogAdd" hits="55" signature="()V">
              <lines>
                <line number="66" hits="55"/>
              </lines>
            </method>
            <method name="handleWorklogAdd" hits="33" signature="()V">
              <lines>
                <line number="148" hits="33"/>
              </lines>
            </method>
            <method name="handleCheckIn" hits="0" signature="()V">
              <lines>
                <line number="168" hits="0"/>
              </lines>
            </method>
            <method name="handleCheckOut" hits="0" signature="()V">
              <lines>
                <line number="193" hits="0"/>
              </lines>
            </method>
            <method name="handleStatus" hits="0" signature="()V">
              <lines>
                <line number="218" hits="0"/>
              </lines>
            </method>
          </methods>
          <lines>
            <line number="1" hits="35" branch="true" condition-coverage="100% (1/1)"/>
            <line number="2" hits="35" branch="false"/>
            <line number="3" hits="35" branch="false"/>
            <line number="4" hits="35" branch="false"/>
            <line number="5" hits="35" branch="false"/>
            <line number="6" hits="35" branch="false"/>
            <line number="7" hits="35" branch="false"/>
            <line number="8" hits="35" branch="false"/>
            <line number="9" hits="35" branch="false"/>
            <line number="10" hits="35" branch="false"/>
            <line number="11" hits="35" branch="false"/>
            <line number="12" hits="35" branch="false"/>
            <line number="13" hits="35" branch="false"/>
            <line number="14" hits="35" branch="false"/>
            <line number="15" hits="35" branch="false"/>
            <line number="16" hits="35" branch="false"/>
            <line number="17" hits="35" branch="false"/>
            <line number="18" hits="35" branch="false"/>
            <line number="19" hits="35" branch="false"/>
            <line number="20" hits="35" branch="false"/>
            <line number="21" hits="35" branch="false"/>
            <line number="22" hits="35" branch="false"/>
            <line number="23" hits="35" branch="false"/>
            <line number="24" hits="35" branch="false"/>
            <line number="25" hits="35" branch="false"/>
            <line number="26" hits="35" branch="false"/>
            <line number="27" hits="35" branch="false"/>
            <line number="28" hits="35" branch="false"/>
            <line number="29" hits="35" branch="false"/>
            <line number="30" hits="35" branch="false"/>
            <line number="31" hits="35" branch="false"/>
            <line number="32" hits="35" branch="false"/>
            <line number="33" hits="35" branch="false"/>
            <line number="34" hits="35" branch="false"/>
            <line number="35" hits="35" branch="false"/>
            <line number="36" hits="35" branch="false"/>
            <line number="37" hits="35" branch="false"/>
            <line number="38" hits="35" branch="false"/>
            <line number="39" hits="35" branch="false"/>
            <line number="40" hits="35" branch="false"/>
            <line number="41" hits="35" branch="false"/>
            <line number="42" hits="35" branch="false"/>
            <line number="43" hits="35" branch="false"/>
            <line number="44" hits="35" branch="false"/>
            <line number="45" hits="35" branch="false"/>
            <line number="46" hits="35" branch="false"/>
            <line number="47" hits="35" branch="false"/>
            <line number="48" hits="35" branch="false"/>
            <line number="49" hits="35" branch="false"/>
            <line number="50" hits="35" branch="false"/>
            <line number="51" hits="35" branch="false"/>
            <line number="52" hits="35" branch="false"/>
            <line number="53" hits="35" branch="false"/>
            <line number="54" hits="35" branch="false"/>
            <line number="55" hits="35" branch="false"/>
            <line number="56" hits="35" branch="false"/>
            <line number="57" hits="35" branch="false"/>
            <line number="58" hits="35" branch="false"/>
            <line number="59" hits="35" branch="false"/>
            <line number="60" hits="35" branch="false"/>
            <line number="61" hits="35" branch="false"/>
            <line number="62" hits="35" branch="false"/>
            <line number="63" hits="35" branch="false"/>
            <line number="64" hits="35" branch="false"/>
            <line number="65" hits="35" branch="false"/>
            <line number="66" hits="35" branch="true" condition-coverage="100% (1/1)"/>
            <line number="67" hits="55" branch="false"/>
            <line number="68" hits="55" branch="false"/>
            <line number="69" hits="55" branch="true" condition-coverage="100% (4/4)"/>
            <line number="70" hits="4" branch="false"/>
            <line number="71" hits="4" branch="false"/>
            <line number="72" hits="55" branch="true" condition-coverage="100% (2/2)"/>
            <line number="73" hits="5" branch="false"/>
            <line number="74" hits="5" branch="false"/>
            <line number="75" hits="46" branch="true" condition-coverage="100% (2/2)"/>
            <line number="76" hits="46" branch="false"/>
            <line number="77" hits="52" branch="true" condition-coverage="100% (1/1)"/>
            <line number="78" hits="55" branch="true" condition-coverage="100% (2/2)"/>
            <line number="79" hits="4" branch="false"/>
            <line number="80" hits="4" branch="false"/>
            <line number="81" hits="50" branch="true" condition-coverage="100% (3/3)"/>
            <line number="82" hits="5" branch="false"/>
            <line number="83" hits="5" branch="false"/>
            <line number="84" hits="37" branch="true" condition-coverage="100% (2/2)"/>
            <line number="85" hits="55" branch="true" condition-coverage="100% (1/1)"/>
            <line number="86" hits="55" branch="false"/>
            <line number="87" hits="55" branch="false"/>
            <line number="88" hits="55" branch="false"/>
            <line number="89" hits="55" branch="false"/>
            <line number="90" hits="55" branch="false"/>
            <line number="91" hits="55" branch="false"/>
            <line number="92" hits="55" branch="false"/>
            <line number="93" hits="55" branch="false"/>
            <line number="94" hits="55" branch="false"/>
            <line number="95" hits="55" branch="false"/>
            <line number="96" hits="55" branch="false"/>
            <line number="97" hits="55" branch="false"/>
            <line number="98" hits="55" branch="false"/>
            <line number="99" hits="55" branch="false"/>
            <line number="100" hits="55" branch="false"/>
            <line number="101" hits="55" branch="false"/>
            <line number="102" hits="55" branch="false"/>
            <line number="103" hits="55" branch="false"/>
            <line number="104" hits="55" branch="false"/>
            <line number="105" hits="55" branch="false"/>
            <line number="106" hits="55" branch="false"/>
            <line number="107" hits="55" branch="false"/>
            <line number="108" hits="55" branch="false"/>
            <line number="109" hits="1" branch="true" condition-coverage="100% (2/2)"/>
            <line number="110" hits="1" branch="false"/>
            <line number="111" hits="1" branch="false"/>
            <line number="112" hits="1" branch="false"/>
            <line number="113" hits="1" branch="false"/>
            <line number="114" hits="49" branch="true" condition-coverage="100% (1/1)"/>
            <line number="115" hits="36" branch="false"/>
            <line number="116" hits="36" branch="false"/>
            <line number="117" hits="36" branch="false"/>
            <line number="118" hits="36" branch="false"/>
            <line number="119" hits="36" branch="true" condition-coverage="100% (2/2)"/>
            <line number="120" hits="1" branch="false"/>
            <line number="121" hits="1" branch="false"/>
            <line number="122" hits="35" branch="true" condition-coverage="100% (3/3)"/>
            <line number="123" hits="1" branch="false"/>
            <line number="124" hits="1" branch="false"/>
            <line number="125" hits="34" branch="true" condition-coverage="100% (3/3)"/>
            <line number="126" hits="19" branch="false"/>
            <line number="127" hits="19" branch="false"/>
            <line number="128" hits="15" branch="true" condition-coverage="33.33333333333333% (1/3)"/>
            <line number="129" hits="0" branch="false"/>
            <line number="130" hits="0" branch="false"/>
            <line number="131" hits="15" branch="false"/>
            <line number="132" hits="15" branch="true" condition-coverage="100% (1/1)"/>
            <line number="133" hits="9" branch="false"/>
            <line number="134" hits="9" branch="false"/>
            <line number="135" hits="6" branch="true" condition-coverage="100% (2/2)"/>
            <line number="136" hits="2" branch="false"/>
            <line number="137" hits="2" branch="false"/>
            <line number="138" hits="4" branch="true" condition-coverage="100% (1/1)"/>
            <line number="139" hits="4" branch="false"/>
            <line number="140" hits="4" branch="false"/>
            <line number="141" hits="4" branch="false"/>
            <line number="142" hits="36" branch="false"/>
            <line number="143" hits="0" branch="true" condition-coverage="0% (0/1)"/>
            <line number="144" hits="0" branch="false"/>
            <line number="145" hits="0" branch="false"/>
            <line number="146" hits="36" branch="false"/>
            <line number="147" hits="55" branch="false"/>
            <line number="148" hits="33" branch="true" condition-coverage="100% (1/1)"/>
            <line number="149" hits="33" branch="false"/>
            <line number="150" hits="33" branch="false"/>
            <line number="151" hits="33" branch="true" condition-coverage="100% (1/1)"/>
            <line number="152" hits="33" branch="true" condition-coverage="100% (1/1)"/>
            <line number="153" hits="33" branch="true" condition-coverage="100% (1/1)"/>
            <line number="154" hits="33" branch="true" condition-coverage="100% (1/1)"/>
            <line number="155" hits="5" branch="false"/>
            <line number="156" hits="5" branch="false"/>
            <line number="157" hits="5" branch="false"/>
            <line number="158" hits="28" branch="true" condition-coverage="100% (1/1)"/>
            <line number="159" hits="28" branch="false"/>
            <line number="160" hits="0" branch="true" condition-coverage="0% (0/1)"/>
            <line number="161" hits="0" branch="false"/>
            <line number="162" hits="0" branch="false"/>
            <line number="163" hits="28" branch="false"/>
            <line number="164" hits="28" branch="true" condition-coverage="0% (0/1)"/>
            <line number="165" hits="28" branch="false"/>
            <line number="166" hits="28" branch="false"/>
            <line number="167" hits="33" branch="false"/>
            <line number="168" hits="0" branch="false"/>
            <line number="169" hits="0" branch="false"/>
            <line number="170" hits="0" branch="false"/>
            <line number="171" hits="0" branch="false"/>
            <line number="172" hits="0" branch="false"/>
            <line number="173" hits="0" branch="false"/>
            <line number="174" hits="0" branch="false"/>
            <line number="175" hits="0" branch="false"/>
            <line number="176" hits="0" branch="false"/>
            <line number="177" hits="0" branch="false"/>
            <line number="178" hits="0" branch="false"/>
            <line number="179" hits="0" branch="false"/>
            <line number="180" hits="0" branch="false"/>
            <line number="181" hits="0" branch="false"/>
            <line number="182" hits="0" branch="false"/>
            <line number="183" hits="0" branch="false"/>
            <line number="184" hits="0" branch="false"/>
            <line number="185" hits="0" branch="false"/>
            <line number="186" hits="0" branch="false"/>
            <line number="187" hits="0" branch="false"/>
            <line number="188" hits="0" branch="false"/>
            <line number="189" hits="0" branch="false"/>
            <line number="190" hits="0" branch="false"/>
            <line number="191" hits="0" branch="false"/>
            <line number="192" hits="0" branch="false"/>
            <line number="193" hits="0" branch="false"/>
            <line number="194" hits="0" branch="false"/>
            <line number="195" hits="0" branch="false"/>
            <line number="196" hits="0" branch="false"/>
            <line number="197" hits="0" branch="false"/>
            <line number="198" hits="0" branch="false"/>
            <line number="199" hits="0" branch="false"/>
            <line number="200" hits="0" branch="false"/>
            <line number="201" hits="0" branch="false"/>
            <line number="202" hits="0" branch="false"/>
            <line number="203" hits="0" branch="false"/>
            <line number="204" hits="0" branch="false"/>
            <line number="205" hits="0" branch="false"/>
            <line number="206" hits="0" branch="false"/>
            <line number="207" hits="0" branch="false"/>
            <line number="208" hits="0" branch="false"/>
            <line number="209" hits="0" branch="false"/>
            <line number="210" hits="0" branch="false"/>
            <line number="211" hits="0" branch="false"/>
            <line number="212" hits="0" branch="false"/>
            <line number="213" hits="0" branch="false"/>
            <line number="214" hits="0" branch="false"/>
            <line number="215" hits="0" branch="false"/>
            <line number="216" hits="0" branch="false"/>
            <line number="217" hits="0" branch="false"/>
            <line number="218" hits="0" branch="false"/>
            <line number="219" hits="0" branch="false"/>
            <line number="220" hits="0" branch="false"/>
            <line number="221" hits="0" branch="false"/>
            <line number="222" hits="0" branch="false"/>
            <line number="223" hits="0" branch="false"/>
            <line number="224" hits="0" branch="false"/>
            <line number="225" hits="0" branch="false"/>
            <line number="226" hits="0" branch="false"/>
            <line number="227" hits="0" branch="false"/>
            <line number="228" hits="0" branch="false"/>
            <line number="229" hits="0" branch="false"/>
            <line number="230" hits="0" branch="false"/>
            <line number="231" hits="0" branch="false"/>
            <line number="232" hits="0" branch="false"/>
            <line number="233" hits="0" branch="false"/>
            <line number="234" hits="0" branch="false"/>
            <line number="235" hits="0" branch="false"/>
            <line number="236" hits="0" branch="false"/>
            <line number="237" hits="0" branch="false"/>
            <line number="238" hits="0" branch="false"/>
            <line number="239" hits="0" branch="false"/>
            <line number="240" hits="35" branch="true" condition-coverage="100% (1/1)"/>
            <line number="241" hits="34" branch="false"/>
            <line number="242" hits="34" branch="true" condition-coverage="100% (2/2)"/>
            <line number="243" hits="33" branch="false"/>
            <line number="244" hits="0" branch="true" condition-coverage="0% (0/1)"/>
            <line number="245" hits="1" branch="true" condition-coverage="100% (1/1)"/>
            <line number="246" hits="1" branch="false"/>
            <line number="247" hits="1" branch="true" condition-coverage="0% (0/1)"/>
            <line number="248" hits="0" branch="false"/>
            <line number="249" hits="0" branch="false"/>
            <line number="250" hits="0" branch="false"/>
            <line number="251" hits="1" branch="true" condition-coverage="0% (0/1)"/>
            <line number="252" hits="0" branch="false"/>
            <line number="253" hits="0" branch="false"/>
            <line number="254" hits="0" branch="false"/>
            <line number="255" hits="1" branch="true" condition-coverage="0% (0/1)"/>
            <line number="256" hits="0" branch="false"/>
            <line number="257" hits="0" branch="false"/>
            <line number="258" hits="0" branch="false"/>
            <line number="259" hits="1" branch="false"/>
            <line number="260" hits="1" branch="false"/>
            <line number="261" hits="1" branch="false"/>
            <line number="262" hits="1" branch="false"/>
            <line number="263" hits="1" branch="false"/>
            <line number="264" hits="1" branch="false"/>
            <line number="265" hits="34" branch="false"/>
            <line number="266" hits="1" branch="true" condition-coverage="100% (1/1)"/>
            <line number="267" hits="1" branch="false"/>
            <line number="268" hits="1" branch="false"/>
          </lines>
        </class>
        <class name="jira-client.js" filename="dist/jira-client.js" line-rate="0.8526" branch-rate="0.8355">
          <methods>
            <method name="normalizeSlidingWindowConfig" hits="151" signature="()V">
              <lines>
                <line number="5" hits="151"/>
              </lines>
            </method>
            <method name="normalizeTimeFormat" hits="15" signature="()V">
              <lines>
                <line number="16" hits="15"/>
              </lines>
            </method>
            <method name="getFavoriteKeys" hits="15" signature="()V">
              <lines>
                <line number="43" hits="15"/>
              </lines>
            </method>
            <method name="getFavoriteDefaultComment" hits="0" signature="()V">
              <lines>
                <line number="46" hits="0"/>
              </lines>
            </method>
            <method name="getFavoriteDefaultTime" hits="0" signature="()V">
              <lines>
                <line number="50" hits="0"/>
              </lines>
            </method>
            <method name="extractProjectKey" hits="173" signature="()V">
              <lines>
                <line number="54" hits="173"/>
              </lines>
            </method>
            <method name="loadConfigWithEnvVars" hits="32" signature="()V">
              <lines>
                <line number="59" hits="32"/>
              </lines>
            </method>
            <method name="resolveDefaults" hits="164" signature="()V">
              <lines>
                <line number="67" hits="164"/>
              </lines>
            </method>
            <method name="extractIssueKeyFromInput" hits="17" signature="()V">
              <lines>
                <line number="135" hits="17"/>
              </lines>
            </method>
            <method name="JiraClient" hits="129" signature="()V">
              <lines>
                <line number="160" hits="129"/>
              </lines>
            </method>
            <method name="validateConfiguration" hits="42" signature="()V">
              <lines>
                <line number="224" hits="42"/>
              </lines>
            </method>
            <method name="fetchAssignedIssues" hits="2" signature="()V">
              <lines>
                <line number="248" hits="2"/>
              </lines>
            </method>
            <method name="fetchFavoriteIssues" hits="15" signature="()V">
              <lines>
                <line number="308" hits="15"/>
              </lines>
            </method>
            <method name="fetchIssue" hits="3" signature="()V">
              <lines>
                <line number="379" hits="3"/>
              </lines>
            </method>
            <method name="addWorklog" hits="36" signature="()V">
              <lines>
                <line number="422" hits="36"/>
              </lines>
            </method>
            <method name="getIssueWorklogs" hits="38" signature="()V">
              <lines>
                <line number="513" hits="38"/>
              </lines>
            </method>
            <method name="deleteWorklog" hits="0" signature="()V">
              <lines>
                <line number="558" hits="0"/>
              </lines>
            </method>
            <method name="updateWorklog" hits="6" signature="()V">
              <lines>
                <line number="605" hits="6"/>
              </lines>
            </method>
            <method name="searchIssuesWithWorklogs" hits="42" signature="()V">
              <lines>
                <line number="706" hits="42"/>
              </lines>
            </method>
            <method name="getCurrentUser" hits="14" signature="()V">
              <lines>
                <line number="760" hits="14"/>
              </lines>
            </method>
            <method name="hasWorklogForToday" hits="3" signature="()V">
              <lines>
                <line number="801" hits="3"/>
              </lines>
            </method>
          </methods>
          <lines>
            <line number="1" hits="64" branch="true" condition-coverage="100% (1/1)"/>
            <line number="2" hits="64" branch="false"/>
            <line number="3" hits="64" branch="false"/>
            <line number="4" hits="64" branch="false"/>
            <line number="5" hits="64" branch="true" condition-coverage="100% (1/1)"/>
            <line number="6" hits="151" branch="false"/>
            <line number="7" hits="151" branch="true" condition-coverage="100% (2/2)"/>
            <line number="8" hits="148" branch="false"/>
            <line number="9" hits="148" branch="false"/>
            <line number="10" hits="3" branch="true" condition-coverage="100% (1/1)"/>
            <line number="11" hits="3" branch="false"/>
            <line number="12" hits="3" branch="false"/>
            <line number="13" hits="3" branch="false"/>
            <line number="14" hits="3" branch="false"/>
            <line number="15" hits="151" branch="false"/>
            <line number="16" hits="64" branch="true" condition-coverage="100% (1/1)"/>
            <line number="17" hits="15" branch="false"/>
            <line number="18" hits="15" branch="false"/>
            <line number="19" hits="15" branch="false"/>
            <line number="20" hits="15" branch="true" condition-coverage="100% (1/1)"/>
            <line number="21" hits="4" branch="false"/>
            <line number="22" hits="4" branch="false"/>
            <line number="23" hits="11" branch="true" condition-coverage="100% (1/1)"/>
            <line number="24" hits="11" branch="false"/>
            <line number="25" hits="15" branch="true" condition-coverage="100% (1/1)"/>
            <line number="26" hits="3" branch="false"/>
            <line number="27" hits="3" branch="false"/>
            <line number="28" hits="8" branch="true" condition-coverage="100% (1/1)"/>
            <line number="29" hits="8" branch="false"/>
            <line number="30" hits="8" branch="false"/>
            <line number="31" hits="15" branch="true" condition-coverage="100% (2/2)"/>
            <line number="32" hits="5" branch="false"/>
            <line number="33" hits="5" branch="false"/>
            <line number="34" hits="15" branch="true" condition-coverage="100% (2/2)"/>
            <line number="35" hits="1" branch="false"/>
            <line number="36" hits="1" branch="false"/>
            <line number="37" hits="2" branch="true" condition-coverage="100% (1/1)"/>
            <line number="38" hits="2" branch="false"/>
            <line number="39" hits="15" branch="true" condition-coverage="0% (0/1)"/>
            <line number="40" hits="0" branch="false"/>
            <line number="41" hits="0" branch="false"/>
            <line number="42" hits="15" branch="false"/>
            <line number="43" hits="64" branch="true" condition-coverage="100% (1/1)"/>
            <line number="44" hits="15" branch="true" condition-coverage="100% (1/1)"/>
            <line number="45" hits="15" branch="false"/>
            <line number="46" hits="64" branch="false"/>
            <line number="47" hits="0" branch="false"/>
            <line number="48" hits="0" branch="false"/>
            <line number="49" hits="0" branch="false"/>
            <line number="50" hits="64" branch="false"/>
            <line number="51" hits="0" branch="false"/>
            <line number="52" hits="0" branch="false"/>
            <line number="53" hits="0" branch="false"/>
            <line number="54" hits="64" branch="true" condition-coverage="100% (1/1)"/>
            <line number="55" hits="173" branch="false"/>
            <line number="56" hits="173" branch="false"/>
            <line number="57" hits="173" branch="true" condition-coverage="66.66666666666666% (2/3)"/>
            <line number="58" hits="173" branch="false"/>
            <line number="59" hits="64" branch="true" condition-coverage="100% (1/1)"/>
            <line number="60" hits="32" branch="false"/>
            <line number="61" hits="32" branch="false"/>
            <line number="62" hits="32" branch="false"/>
            <line number="63" hits="32" branch="false"/>
            <line number="64" hits="32" branch="false"/>
            <line number="65" hits="32" branch="false"/>
            <line number="66" hits="32" branch="false"/>
            <line number="67" hits="64" branch="true" condition-coverage="100% (1/1)"/>
            <line number="68" hits="164" branch="true" condition-coverage="100% (1/1)"/>
            <line number="69" hits="164" branch="true" condition-coverage="100% (1/1)"/>
            <line number="70" hits="164" branch="true" condition-coverage="100% (1/1)"/>
            <line number="71" hits="164" branch="false"/>
            <line number="72" hits="164" branch="false"/>
            <line number="73" hits="164" branch="false"/>
            <line number="74" hits="164" branch="true" condition-coverage="100% (1/1)"/>
            <line number="75" hits="164" branch="false"/>
            <line number="76" hits="164" branch="false"/>
            <line number="77" hits="164" branch="true" condition-coverage="100% (2/2)"/>
            <line number="78" hits="164" branch="true" condition-coverage="100% (1/1)"/>
            <line number="79" hits="164" branch="false"/>
            <line number="80" hits="164" branch="false"/>
            <line number="81" hits="164" branch="true" condition-coverage="100% (2/2)"/>
            <line number="82" hits="12" branch="true" condition-coverage="100% (1/1)"/>
            <line number="83" hits="12" branch="false"/>
            <line number="84" hits="152" branch="true" condition-coverage="100% (3/3)"/>
            <line number="85" hits="29" branch="true" condition-coverage="100% (1/1)"/>
            <line number="86" hits="29" branch="false"/>
            <line number="87" hits="164" branch="false"/>
            <line number="88" hits="164" branch="false"/>
            <line number="89" hits="164" branch="false"/>
            <line number="90" hits="164" branch="true" condition-coverage="100% (2/2)"/>
            <line number="91" hits="21" branch="false"/>
            <line number="92" hits="21" branch="false"/>
            <line number="93" hits="21" branch="false"/>
            <line number="94" hits="143" branch="true" condition-coverage="100% (4/4)"/>
            <line number="95" hits="23" branch="false"/>
            <line number="96" hits="23" branch="false"/>
            <line number="97" hits="23" branch="false"/>
            <line number="98" hits="120" branch="true" condition-coverage="100% (3/3)"/>
            <line number="99" hits="16" branch="false"/>
            <line number="100" hits="16" branch="false"/>
            <line number="101" hits="16" branch="false"/>
            <line number="102" hits="104" branch="true" condition-coverage="100% (1/1)"/>
            <line number="103" hits="104" branch="false"/>
            <line number="104" hits="104" branch="false"/>
            <line number="105" hits="104" branch="false"/>
            <line number="106" hits="164" branch="false"/>
            <line number="107" hits="164" branch="false"/>
            <line number="108" hits="164" branch="false"/>
            <line number="109" hits="164" branch="true" condition-coverage="100% (3/3)"/>
            <line number="110" hits="27" branch="false"/>
            <line number="111" hits="27" branch="false"/>
            <line number="112" hits="27" branch="false"/>
            <line number="113" hits="137" branch="true" condition-coverage="100% (4/4)"/>
            <line number="114" hits="23" branch="false"/>
            <line number="115" hits="23" branch="false"/>
            <line number="116" hits="23" branch="false"/>
            <line number="117" hits="114" branch="true" condition-coverage="100% (2/2)"/>
            <line number="118" hits="17" branch="false"/>
            <line number="119" hits="17" branch="false"/>
            <line number="120" hits="17" branch="false"/>
            <line number="121" hits="97" branch="true" condition-coverage="100% (1/1)"/>
            <line number="122" hits="97" branch="false"/>
            <line number="123" hits="97" branch="false"/>
            <line number="124" hits="97" branch="false"/>
            <line number="125" hits="164" branch="false"/>
            <line number="126" hits="164" branch="false"/>
            <line number="127" hits="164" branch="false"/>
            <line number="128" hits="164" branch="false"/>
            <line number="129" hits="164" branch="false"/>
            <line number="130" hits="164" branch="false"/>
            <line number="131" hits="164" branch="false"/>
            <line number="132" hits="164" branch="false"/>
            <line number="133" hits="164" branch="false"/>
            <line number="134" hits="164" branch="false"/>
            <line number="135" hits="64" branch="true" condition-coverage="100% (1/1)"/>
            <line number="136" hits="17" branch="false"/>
            <line number="137" hits="17" branch="false"/>
            <line number="138" hits="17" branch="true" condition-coverage="100% (1/1)"/>
            <line number="139" hits="1" branch="false"/>
            <line number="140" hits="1" branch="false"/>
            <line number="141" hits="16" branch="true" condition-coverage="100% (1/1)"/>
            <line number="142" hits="17" branch="true" condition-coverage="100% (1/1)"/>
            <line number="143" hits="7" branch="false"/>
            <line number="144" hits="7" branch="false"/>
            <line number="145" hits="7" branch="true" condition-coverage="100% (2/2)"/>
            <line number="146" hits="6" branch="false"/>
            <line number="147" hits="6" branch="false"/>
            <line number="148" hits="1" branch="true" condition-coverage="100% (1/1)"/>
            <line number="149" hits="1" branch="false"/>
            <line number="150" hits="1" branch="false"/>
            <line number="151" hits="9" branch="true" condition-coverage="100% (1/1)"/>
            <line number="152" hits="9" branch="false"/>
            <line number="153" hits="17" branch="true" condition-coverage="100% (2/2)"/>
            <line number="154" hits="4" branch="false"/>
            <line number="155" hits="4" branch="false"/>
            <line number="156" hits="5" branch="true" condition-coverage="100% (1/1)"/>
            <line number="157" hits="5" branch="false"/>
            <line number="158" hits="17" branch="false"/>
            <line number="159" hits="64" branch="false"/>
            <line number="160" hits="64" branch="true" condition-coverage="100% (1/1)"/>
            <line number="161" hits="129" branch="false"/>
            <line number="162" hits="129" branch="false"/>
            <line number="163" hits="129" branch="false"/>
            <line number="164" hits="129" branch="false"/>
            <line number="165" hits="129" branch="false"/>
            <line number="166" hits="129" branch="false"/>
            <line number="167" hits="129" branch="false"/>
            <line number="168" hits="129" branch="false"/>
            <line number="169" hits="129" branch="false"/>
            <line number="170" hits="129" branch="false"/>
            <line number="171" hits="129" branch="false"/>
            <line number="172" hits="129" branch="false"/>
            <line number="173" hits="129" branch="false"/>
            <line number="174" hits="129" branch="false"/>
            <line number="175" hits="129" branch="false"/>
            <line number="176" hits="129" branch="false"/>
            <line number="177" hits="129" branch="false"/>
            <line number="178" hits="129" branch="false"/>
            <line number="179" hits="129" branch="false"/>
            <line number="180" hits="129" branch="false"/>
            <line number="181" hits="129" branch="false"/>
            <line number="182" hits="129" branch="false"/>
            <line number="183" hits="129" branch="false"/>
            <line number="184" hits="129" branch="false"/>
            <line number="185" hits="129" branch="false"/>
            <line number="186" hits="129" branch="false"/>
            <line number="187" hits="129" branch="false"/>
            <line number="188" hits="129" branch="false"/>
            <line number="189" hits="129" branch="false"/>
            <line number="190" hits="129" branch="true" condition-coverage="100% (1/1)"/>
            <line number="191" hits="129" branch="true" condition-coverage="100% (1/1)"/>
            <line number="192" hits="129" branch="false"/>
            <line number="193" hits="129" branch="false"/>
            <line number="194" hits="129" branch="true" condition-coverage="100% (1/1)"/>
            <line number="195" hits="32" branch="false"/>
            <line number="196" hits="32" branch="false"/>
            <line number="197" hits="97" branch="true" condition-coverage="100% (1/1)"/>
            <line number="198" hits="97" branch="false"/>
            <line number="199" hits="97" branch="true" condition-coverage="0% (0/1)"/>
            <line number="200" hits="97" branch="false"/>
            <line number="201" hits="97" branch="false"/>
            <line number="202" hits="97" branch="false"/>
            <line number="203" hits="97" branch="false"/>
            <line number="204" hits="97" branch="false"/>
            <line number="205" hits="97" branch="true" condition-coverage="0% (0/1)"/>
            <line number="206" hits="97" branch="false"/>
            <line number="207" hits="97" branch="false"/>
            <line number="208" hits="97" branch="false"/>
            <line number="209" hits="97" branch="false"/>
            <line number="210" hits="97" branch="false"/>
            <line number="211" hits="97" branch="true" condition-coverage="0% (0/1)"/>
            <line number="212" hits="0" branch="false"/>
            <line number="213" hits="0" branch="false"/>
            <line number="214" hits="0" branch="false"/>
            <line number="215" hits="0" branch="false"/>
            <line number="216" hits="97" branch="false"/>
            <line number="217" hits="97" branch="false"/>
            <line number="218" hits="97" branch="false"/>
            <line number="219" hits="97" branch="false"/>
            <line number="220" hits="129" branch="false"/>
            <line number="221" hits="64" branch="false"/>
            <line number="222" hits="64" branch="false"/>
            <line number="223" hits="64" branch="false"/>
            <line number="224" hits="64" branch="true" condition-coverage="100% (1/1)"/>
            <line number="225" hits="42" branch="false"/>
            <line number="226" hits="42" branch="true" condition-coverage="0% (0/1)"/>
            <line number="227" hits="0" branch="false"/>
            <line number="228" hits="0" branch="false"/>
            <line number="229" hits="42" branch="false"/>
            <line number="230" hits="42" branch="false"/>
            <line number="231" hits="42" branch="false"/>
            <line number="232" hits="42" branch="true" condition-coverage="0% (0/1)"/>
            <line number="233" hits="0" branch="false"/>
            <line number="234" hits="0" branch="false"/>
            <line number="235" hits="42" branch="false"/>
            <line number="236" hits="42" branch="true" condition-coverage="0% (0/1)"/>
            <line number="237" hits="0" branch="false"/>
            <line number="238" hits="0" branch="false"/>
            <line number="239" hits="42" branch="false"/>
            <line number="240" hits="42" branch="true" condition-coverage="100% (1/1)"/>
            <line number="241" hits="1" branch="false"/>
            <line number="242" hits="1" branch="false"/>
            <line number="243" hits="42" branch="false"/>
            <line number="244" hits="42" branch="false"/>
            <line number="245" hits="42" branch="false"/>
            <line number="246" hits="42" branch="false"/>
            <line number="247" hits="42" branch="false"/>
            <line number="248" hits="64" branch="true" condition-coverage="100% (1/1)"/>
            <line number="249" hits="2" branch="false"/>
            <line number="250" hits="2" branch="false"/>
            <line number="251" hits="2" branch="false"/>
            <line number="252" hits="2" branch="false"/>
            <line number="253" hits="2" branch="false"/>
            <line number="254" hits="2" branch="false"/>
            <line number="255" hits="2" branch="false"/>
            <line number="256" hits="2" branch="false"/>
            <line number="257" hits="2" branch="false"/>
            <line number="258" hits="2" branch="false"/>
            <line number="259" hits="2" branch="false"/>
            <line number="260" hits="2" branch="false"/>
            <line number="261" hits="2" branch="false"/>
            <line number="262" hits="2" branch="false"/>
            <line number="263" hits="2" branch="false"/>
            <line number="264" hits="2" branch="false"/>
            <line number="265" hits="2" branch="false"/>
            <line number="266" hits="2" branch="false"/>
            <line number="267" hits="2" branch="false"/>
            <line number="268" hits="2" branch="false"/>
            <line number="269" hits="2" branch="false"/>
            <line number="270" hits="2" branch="false"/>
            <line number="271" hits="2" branch="false"/>
            <line number="272" hits="2" branch="false"/>
            <line number="273" hits="2" branch="false"/>
            <line number="274" hits="2" branch="false"/>
            <line number="275" hits="2" branch="false"/>
            <line number="276" hits="2" branch="false"/>
            <line number="277" hits="2" branch="false"/>
            <line number="278" hits="2" branch="false"/>
            <line number="279" hits="2" branch="true" condition-coverage="100% (1/1)"/>
            <line number="280" hits="1" branch="false"/>
            <line number="281" hits="1" branch="false"/>
            <line number="282" hits="1" branch="false"/>
            <line number="283" hits="1" branch="false"/>
            <line number="284" hits="1" branch="false"/>
            <line number="285" hits="1" branch="false"/>
            <line number="286" hits="1" branch="false"/>
            <line number="287" hits="1" branch="false"/>
            <line number="288" hits="1" branch="false"/>
            <line number="289" hits="1" branch="false"/>
            <line number="290" hits="1" branch="false"/>
            <line number="291" hits="1" branch="false"/>
            <line number="292" hits="1" branch="false"/>
            <line number="293" hits="1" branch="false"/>
            <line number="294" hits="1" branch="false"/>
            <line number="295" hits="1" branch="false"/>
            <line number="296" hits="1" branch="false"/>
            <line number="297" hits="1" branch="false"/>
            <line number="298" hits="1" branch="false"/>
            <line number="299" hits="1" branch="false"/>
            <line number="300" hits="1" branch="false"/>
            <line number="301" hits="1" branch="false"/>
            <line number="302" hits="1" branch="false"/>
            <line number="303" hits="1" branch="true" condition-coverage="0% (0/1)"/>
            <line number="304" hits="1" branch="false"/>
            <line number="305" hits="1" branch="false"/>
            <line number="306" hits="1" branch="false"/>
            <line number="307" hits="2" branch="false"/>
            <line number="308" hits="64" branch="true" condition-coverage="100% (1/1)"/>
            <line number="309" hits="15" branch="true" condition-coverage="0% (0/1)"/>
            <line number="310" hits="0" branch="false"/>
            <line number="311" hits="0" branch="false"/>
            <line number="312" hits="15" branch="false"/>
            <line number="313" hits="15" branch="false"/>
            <line number="314" hits="15" branch="true" condition-coverage="100% (1/1)"/>
            <line number="315" hits="15" branch="false"/>
            <line number="316" hits="15" branch="false"/>
            <line number="317" hits="15" branch="false"/>
            <line number="318" hits="15" branch="false"/>
            <line number="319" hits="15" branch="false"/>
            <line number="320" hits="15" branch="false"/>
            <line number="321" hits="15" branch="false"/>
            <line number="322" hits="15" branch="false"/>
            <line number="323" hits="15" branch="false"/>
            <line number="324" hits="15" branch="false"/>
            <line number="325" hits="15" branch="false"/>
            <line number="326" hits="15" branch="false"/>
            <line number="327" hits="15" branch="false"/>
            <line number="328" hits="15" branch="false"/>
            <line number="329" hits="15" branch="false"/>
            <line number="330" hits="15" branch="false"/>
            <line number="331" hits="15" branch="false"/>
            <line number="332" hits="15" branch="false"/>
            <line number="333" hits="15" branch="false"/>
            <line number="334" hits="15" branch="false"/>
            <line number="335" hits="15" branch="false"/>
            <line number="336" hits="15" branch="false"/>
            <line number="337" hits="15" branch="false"/>
            <line number="338" hits="15" branch="false"/>
            <line number="339" hits="15" branch="false"/>
            <line number="340" hits="15" branch="false"/>
            <line number="341" hits="15" branch="false"/>
            <line number="342" hits="15" branch="false"/>
            <line number="343" hits="15" branch="false"/>
            <line number="344" hits="15" branch="false"/>
            <line number="345" hits="15" branch="false"/>
            <line number="346" hits="15" branch="true" condition-coverage="0% (0/1)"/>
            <line number="347" hits="0" branch="false"/>
            <line number="348" hits="0" branch="false"/>
            <line number="349" hits="0" branch="false"/>
            <line number="350" hits="0" branch="false"/>
            <line number="351" hits="0" branch="false"/>
            <line number="352" hits="0" branch="false"/>
            <line number="353" hits="0" branch="false"/>
            <line number="354" hits="0" branch="false"/>
            <line number="355" hits="0" branch="false"/>
            <line number="356" hits="15" branch="false"/>
            <line number="357" hits="15" branch="false"/>
            <line number="358" hits="15" branch="false"/>
            <line number="359" hits="15" branch="false"/>
            <line number="360" hits="15" branch="false"/>
            <line number="361" hits="15" branch="false"/>
            <line number="362" hits="15" branch="false"/>
            <line number="363" hits="15" branch="false"/>
            <line number="364" hits="15" branch="false"/>
            <line number="365" hits="15" branch="false"/>
            <line number="366" hits="15" branch="true" condition-coverage="100% (2/2)"/>
            <line number="367" hits="15" branch="true" condition-coverage="100% (1/1)"/>
            <line number="368" hits="15" branch="false"/>
            <line number="369" hits="15" branch="false"/>
            <line number="370" hits="15" branch="true" condition-coverage="0% (0/1)"/>
            <line number="371" hits="0" branch="false"/>
            <line number="372" hits="0" branch="false"/>
            <line number="373" hits="0" branch="false"/>
            <line number="374" hits="0" branch="false"/>
            <line number="375" hits="0" branch="false"/>
            <line number="376" hits="0" branch="false"/>
            <line number="377" hits="0" branch="false"/>
            <line number="378" hits="15" branch="false"/>
            <line number="379" hits="64" branch="true" condition-coverage="100% (1/1)"/>
            <line number="380" hits="3" branch="false"/>
            <line number="381" hits="3" branch="false"/>
            <line number="382" hits="3" branch="false"/>
            <line number="383" hits="3" branch="false"/>
            <line number="384" hits="3" branch="false"/>
            <line number="385" hits="3" branch="false"/>
            <line number="386" hits="3" branch="false"/>
            <line number="387" hits="3" branch="false"/>
            <line number="388" hits="3" branch="false"/>
            <line number="389" hits="3" branch="false"/>
            <line number="390" hits="3" branch="false"/>
            <line number="391" hits="3" branch="false"/>
            <line number="392" hits="3" branch="false"/>
            <line number="393" hits="3" branch="true" condition-coverage="0% (0/1)"/>
            <line number="394" hits="0" branch="false"/>
            <line number="395" hits="0" branch="false"/>
            <line number="396" hits="0" branch="false"/>
            <line number="397" hits="0" branch="false"/>
            <line number="398" hits="0" branch="false"/>
            <line number="399" hits="0" branch="false"/>
            <line number="400" hits="0" branch="false"/>
            <line number="401" hits="0" branch="false"/>
            <line number="402" hits="0" branch="false"/>
            <line number="403" hits="0" branch="false"/>
            <line number="404" hits="3" branch="false"/>
            <line number="405" hits="3" branch="false"/>
            <line number="406" hits="3" branch="false"/>
            <line number="407" hits="3" branch="false"/>
            <line number="408" hits="3" branch="false"/>
            <line number="409" hits="3" branch="false"/>
            <line number="410" hits="3" branch="false"/>
            <line number="411" hits="3" branch="false"/>
            <line number="412" hits="3" branch="true" condition-coverage="0% (0/1)"/>
            <line number="413" hits="0" branch="false"/>
            <line number="414" hits="0" branch="false"/>
            <line number="415" hits="0" branch="false"/>
            <line number="416" hits="0" branch="false"/>
            <line number="417" hits="0" branch="false"/>
            <line number="418" hits="0" branch="false"/>
            <line number="419" hits="0" branch="false"/>
            <line number="420" hits="0" branch="false"/>
            <line number="421" hits="3" branch="false"/>
            <line number="422" hits="64" branch="true" condition-coverage="100% (1/1)"/>
            <line number="423" hits="36" branch="false"/>
            <line number="424" hits="36" branch="false"/>
            <line number="425" hits="36" branch="true" condition-coverage="100% (1/1)"/>
            <line number="426" hits="1" branch="false"/>
            <line number="427" hits="1" branch="false"/>
            <line number="428" hits="1" branch="false"/>
            <line number="429" hits="1" branch="false"/>
            <line number="430" hits="1" branch="false"/>
            <line number="431" hits="1" branch="false"/>
            <line number="432" hits="1" branch="false"/>
            <line number="433" hits="1" branch="false"/>
            <line number="434" hits="35" branch="true" condition-coverage="100% (1/1)"/>
            <line number="435" hits="36" branch="true" condition-coverage="66.66666666666666% (2/3)"/>
            <line number="436" hits="0" branch="false"/>
            <line number="437" hits="0" branch="false"/>
            <line number="438" hits="35" branch="false"/>
            <line number="439" hits="35" branch="true" condition-coverage="0% (0/1)"/>
            <line number="440" hits="0" branch="false"/>
            <line number="441" hits="0" branch="false"/>
            <line number="442" hits="35" branch="false"/>
            <line number="443" hits="35" branch="false"/>
            <line number="444" hits="35" branch="false"/>
            <line number="445" hits="35" branch="false"/>
            <line number="446" hits="35" branch="false"/>
            <line number="447" hits="35" branch="false"/>
            <line number="448" hits="35" branch="false"/>
            <line number="449" hits="35" branch="false"/>
            <line number="450" hits="35" branch="false"/>
            <line number="451" hits="35" branch="false"/>
            <line number="452" hits="35" branch="false"/>
            <line number="453" hits="35" branch="false"/>
            <line number="454" hits="35" branch="false"/>
            <line number="455" hits="35" branch="false"/>
            <line number="456" hits="35" branch="false"/>
            <line number="457" hits="35" branch="false"/>
            <line number="458" hits="35" branch="false"/>
            <line number="459" hits="35" branch="false"/>
            <line number="460" hits="35" branch="false"/>
            <line number="461" hits="35" branch="false"/>
            <line number="462" hits="35" branch="false"/>
            <line number="463" hits="34" branch="true" condition-coverage="100% (3/3)"/>
            <line number="464" hits="24" branch="false"/>
            <line number="465" hits="24" branch="false"/>
            <line number="466" hits="24" branch="false"/>
            <line number="467" hits="24" branch="false"/>
            <line number="468" hits="24" branch="false"/>
            <line number="469" hits="24" branch="false"/>
            <line number="470" hits="24" branch="false"/>
            <line number="471" hits="24" branch="false"/>
            <line number="472" hits="24" branch="false"/>
            <line number="473" hits="24" branch="false"/>
            <line number="474" hits="24" branch="false"/>
            <line number="475" hits="24" branch="false"/>
            <line number="476" hits="24" branch="false"/>
            <line number="477" hits="24" branch="false"/>
            <line number="478" hits="24" branch="true" condition-coverage="0% (0/1)"/>
            <line number="479" hits="0" branch="false"/>
            <line number="480" hits="0" branch="false"/>
            <line number="481" hits="0" branch="false"/>
            <line number="482" hits="0" branch="false"/>
            <line number="483" hits="0" branch="false"/>
            <line number="484" hits="0" branch="false"/>
            <line number="485" hits="0" branch="false"/>
            <line number="486" hits="0" branch="false"/>
            <line number="487" hits="0" branch="false"/>
            <line number="488" hits="0" branch="false"/>
            <line number="489" hits="24" branch="false"/>
            <line number="490" hits="24" branch="false"/>
            <line number="491" hits="2" branch="true" condition-coverage="100% (1/1)"/>
            <line number="492" hits="2" branch="false"/>
            <line number="493" hits="2" branch="false"/>
            <line number="494" hits="2" branch="false"/>
            <line number="495" hits="2" branch="false"/>
            <line number="496" hits="2" branch="false"/>
            <line number="497" hits="2" branch="false"/>
            <line number="498" hits="2" branch="false"/>
            <line number="499" hits="2" branch="false"/>
            <line number="500" hits="2" branch="false"/>
            <line number="501" hits="35" branch="true" condition-coverage="100% (1/1)"/>
            <line number="502" hits="33" branch="false"/>
            <line number="503" hits="33" branch="false"/>
            <line number="504" hits="33" branch="false"/>
            <line number="505" hits="33" branch="false"/>
            <line number="506" hits="33" branch="false"/>
            <line number="507" hits="33" branch="false"/>
            <line number="508" hits="33" branch="true" condition-coverage="0% (0/1)"/>
            <line number="509" hits="33" branch="false"/>
            <line number="510" hits="33" branch="false"/>
            <line number="511" hits="33" branch="false"/>
            <line number="512" hits="36" branch="false"/>
            <line number="513" hits="64" branch="true" condition-coverage="100% (1/1)"/>
            <line number="514" hits="38" branch="false"/>
            <line number="515" hits="38" branch="false"/>
            <line number="516" hits="38" branch="false"/>
            <line number="517" hits="38" branch="false"/>
            <line number="518" hits="38" branch="false"/>
            <line number="519" hits="38" branch="false"/>
            <line number="520" hits="38" branch="false"/>
            <line number="521" hits="38" branch="false"/>
            <line number="522" hits="38" branch="false"/>
            <line number="523" hits="38" branch="false"/>
            <line number="524" hits="38" branch="false"/>
            <line number="525" hits="38" branch="false"/>
            <line number="526" hits="38" branch="false"/>
            <line number="527" hits="36" branch="true" condition-coverage="100% (2/2)"/>
            <line number="528" hits="34" branch="false"/>
            <line number="529" hits="4" branch="true" condition-coverage="100% (1/1)"/>
            <line number="530" hits="4" branch="false"/>
            <line number="531" hits="4" branch="false"/>
            <line number="532" hits="4" branch="false"/>
            <line number="533" hits="4" branch="false"/>
            <line number="534" hits="4" branch="false"/>
            <line number="535" hits="4" branch="false"/>
            <line number="536" hits="4" branch="false"/>
            <line number="537" hits="4" branch="false"/>
            <line number="538" hits="2" branch="true" condition-coverage="100% (1/1)"/>
            <line number="539" hits="2" branch="false"/>
            <line number="540" hits="2" branch="false"/>
            <line number="541" hits="2" branch="false"/>
            <line number="542" hits="2" branch="false"/>
            <line number="543" hits="2" branch="false"/>
            <line number="544" hits="2" branch="false"/>
            <line number="545" hits="2" branch="false"/>
            <line number="546" hits="2" branch="false"/>
            <line number="547" hits="2" branch="false"/>
            <line number="548" hits="36" branch="false"/>
            <line number="549" hits="36" branch="false"/>
            <line number="550" hits="36" branch="false"/>
            <line number="551" hits="36" branch="false"/>
            <line number="552" hits="36" branch="false"/>
            <line number="553" hits="36" branch="true" condition-coverage="0% (0/1)"/>
            <line number="554" hits="36" branch="false"/>
            <line number="555" hits="36" branch="false"/>
            <line number="556" hits="36" branch="false"/>
            <line number="557" hits="38" branch="false"/>
            <line number="558" hits="64" branch="false"/>
            <line number="559" hits="0" branch="false"/>
            <line number="560" hits="0" branch="false"/>
            <line number="561" hits="0" branch="false"/>
            <line number="562" hits="0" branch="false"/>
            <line number="563" hits="0" branch="false"/>
            <line number="564" hits="0" branch="false"/>
            <line number="565" hits="0" branch="false"/>
            <line number="566" hits="0" branch="false"/>
            <line number="567" hits="0" branch="false"/>
            <line number="568" hits="0" branch="false"/>
            <line number="569" hits="0" branch="false"/>
            <line number="570" hits="0" branch="false"/>
            <line number="571" hits="0" branch="false"/>
            <line number="572" hits="0" branch="false"/>
            <line number="573" hits="0" branch="false"/>
            <line number="574" hits="0" branch="false"/>
            <line number="575" hits="0" branch="false"/>
            <line number="576" hits="0" branch="false"/>
            <line number="577" hits="0" branch="false"/>
            <line number="578" hits="0" branch="false"/>
            <line number="579" hits="0" branch="false"/>
            <line number="580" hits="0" branch="false"/>
            <line number="581" hits="0" branch="false"/>
            <line number="582" hits="0" branch="false"/>
            <line number="583" hits="0" branch="false"/>
            <line number="584" hits="0" branch="false"/>
            <line number="585" hits="0" branch="false"/>
            <line number="586" hits="0" branch="false"/>
            <line number="587" hits="0" branch="false"/>
            <line number="588" hits="0" branch="false"/>
            <line number="589" hits="0" branch="false"/>
            <line number="590" hits="0" branch="false"/>
            <line number="591" hits="0" branch="false"/>
            <line number="592" hits="0" branch="false"/>
            <line number="593" hits="0" branch="false"/>
            <line number="594" hits="0" branch="false"/>
            <line number="595" hits="0" branch="false"/>
            <line number="596" hits="0" branch="false"/>
            <line number="597" hits="0" branch="false"/>
            <line number="598" hits="0" branch="false"/>
            <line number="599" hits="0" branch="false"/>
            <line number="600" hits="0" branch="false"/>
            <line number="601" hits="0" branch="false"/>
            <line number="602" hits="0" branch="false"/>
            <line number="603" hits="0" branch="false"/>
            <line number="604" hits="0" branch="false"/>
            <line number="605" hits="64" branch="true" condition-coverage="100% (1/1)"/>
            <line number="606" hits="6" branch="false"/>
            <line number="607" hits="6" branch="false"/>
            <line number="608" hits="6" branch="true" condition-coverage="0% (0/1)"/>
            <line number="609" hits="0" branch="false"/>
            <line number="610" hits="0" branch="false"/>
            <line number="611" hits="0" branch="false"/>
            <line number="612" hits="0" branch="false"/>
            <line number="613" hits="0" branch="false"/>
            <line number="614" hits="0" branch="false"/>
            <line number="615" hits="0" branch="false"/>
            <line number="616" hits="0" branch="false"/>
            <line number="617" hits="6" branch="false"/>
            <line number="618" hits="6" branch="true" condition-coverage="100% (3/3)"/>
            <line number="619" hits="1" branch="false"/>
            <line number="620" hits="1" branch="false"/>
            <line number="621" hits="5" branch="true" condition-coverage="100% (1/1)"/>
            <line number="622" hits="6" branch="true" condition-coverage="100% (1/1)"/>
            <line number="623" hits="6" branch="true" condition-coverage="100% (1/1)"/>
            <line number="624" hits="6" branch="true" condition-coverage="100% (1/1)"/>
            <line number="625" hits="1" branch="false"/>
            <line number="626" hits="1" branch="false"/>
            <line number="627" hits="4" branch="true" condition-coverage="100% (1/1)"/>
            <line number="628" hits="6" branch="true" condition-coverage="100% (1/1)"/>
            <line number="629" hits="1" branch="false"/>
            <line number="630" hits="1" branch="false"/>
            <line number="631" hits="3" branch="true" condition-coverage="100% (1/1)"/>
            <line number="632" hits="3" branch="false"/>
            <line number="633" hits="3" branch="false"/>
            <line number="634" hits="3" branch="false"/>
            <line number="635" hits="3" branch="false"/>
            <line number="636" hits="3" branch="false"/>
            <line number="637" hits="3" branch="false"/>
            <line number="638" hits="3" branch="false"/>
            <line number="639" hits="3" branch="false"/>
            <line number="640" hits="3" branch="false"/>
            <line number="641" hits="3" branch="false"/>
            <line number="642" hits="3" branch="false"/>
            <line number="643" hits="3" branch="false"/>
            <line number="644" hits="3" branch="false"/>
            <line number="645" hits="3" branch="false"/>
            <line number="646" hits="3" branch="false"/>
            <line number="647" hits="3" branch="false"/>
            <line number="648" hits="3" branch="false"/>
            <line number="649" hits="3" branch="false"/>
            <line number="650" hits="3" branch="false"/>
            <line number="651" hits="3" branch="false"/>
            <line number="652" hits="3" branch="false"/>
            <line number="653" hits="6" branch="true" condition-coverage="100% (1/1)"/>
            <line number="654" hits="2" branch="false"/>
            <line number="655" hits="2" branch="false"/>
            <line number="656" hits="2" branch="false"/>
            <line number="657" hits="2" branch="false"/>
            <line number="658" hits="2" branch="false"/>
            <line number="659" hits="2" branch="false"/>
            <line number="660" hits="2" branch="false"/>
            <line number="661" hits="2" branch="false"/>
            <line number="662" hits="2" branch="false"/>
            <line number="663" hits="2" branch="false"/>
            <line number="664" hits="2" branch="false"/>
            <line number="665" hits="2" branch="false"/>
            <line number="666" hits="2" branch="false"/>
            <line number="667" hits="2" branch="false"/>
            <line number="668" hits="2" branch="false"/>
            <line number="669" hits="2" branch="true" condition-coverage="100% (1/1)"/>
            <line number="670" hits="1" branch="false"/>
            <line number="671" hits="1" branch="false"/>
            <line number="672" hits="1" branch="false"/>
            <line number="673" hits="1" branch="false"/>
            <line number="674" hits="1" branch="false"/>
            <line number="675" hits="1" branch="false"/>
            <line number="676" hits="1" branch="false"/>
            <line number="677" hits="1" branch="false"/>
            <line number="678" hits="1" branch="false"/>
            <line number="679" hits="1" branch="false"/>
            <line number="680" hits="1" branch="false"/>
            <line number="681" hits="1" branch="false"/>
            <line number="682" hits="1" branch="true" condition-coverage="100% (1/1)"/>
            <line number="683" hits="1" branch="false"/>
            <line number="684" hits="1" branch="false"/>
            <line number="685" hits="1" branch="false"/>
            <line number="686" hits="1" branch="false"/>
            <line number="687" hits="1" branch="false"/>
            <line number="688" hits="1" branch="false"/>
            <line number="689" hits="1" branch="false"/>
            <line number="690" hits="1" branch="false"/>
            <line number="691" hits="1" branch="false"/>
            <line number="692" hits="1" branch="false"/>
            <line number="693" hits="6" branch="true" condition-coverage="100% (1/1)"/>
            <line number="694" hits="2" branch="false"/>
            <line number="695" hits="2" branch="false"/>
            <line number="696" hits="2" branch="false"/>
            <line number="697" hits="2" branch="false"/>
            <line number="698" hits="2" branch="false"/>
            <line number="699" hits="2" branch="false"/>
            <line number="700" hits="2" branch="false"/>
            <line number="701" hits="2" branch="true" condition-coverage="0% (0/1)"/>
            <line number="702" hits="2" branch="false"/>
            <line number="703" hits="2" branch="false"/>
            <line number="704" hits="2" branch="false"/>
            <line number="705" hits="6" branch="false"/>
            <line number="706" hits="64" branch="true" condition-coverage="100% (1/1)"/>
            <line number="707" hits="42" branch="false"/>
            <line number="708" hits="42" branch="false"/>
            <line number="709" hits="42" branch="false"/>
            <line number="710" hits="42" branch="false"/>
            <line number="711" hits="42" branch="false"/>
            <line number="712" hits="42" branch="false"/>
            <line number="713" hits="42" branch="false"/>
            <line number="714" hits="42" branch="false"/>
            <line number="715" hits="42" branch="false"/>
            <line number="716" hits="42" branch="false"/>
            <line number="717" hits="42" branch="false"/>
            <line number="718" hits="42" branch="false"/>
            <line number="719" hits="42" branch="false"/>
            <line number="720" hits="42" branch="false"/>
            <line number="721" hits="42" branch="false"/>
            <line number="722" hits="42" branch="false"/>
            <line number="723" hits="42" branch="false"/>
            <line number="724" hits="42" branch="false"/>
            <line number="725" hits="42" branch="false"/>
            <line number="726" hits="42" branch="false"/>
            <line number="727" hits="42" branch="false"/>
            <line number="728" hits="32" branch="true" condition-coverage="100% (3/3)"/>
            <line number="729" hits="1" branch="false"/>
            <line number="730" hits="1" branch="false"/>
            <line number="731" hits="1" branch="false"/>
            <line number="732" hits="1" branch="false"/>
            <line number="733" hits="1" branch="false"/>
            <line number="734" hits="1" branch="false"/>
            <line number="735" hits="1" branch="false"/>
            <line number="736" hits="1" branch="false"/>
            <line number="737" hits="1" branch="false"/>
            <line number="738" hits="1" branch="false"/>
            <line number="739" hits="19" branch="true" condition-coverage="100% (1/1)"/>
            <line number="740" hits="19" branch="false"/>
            <line number="741" hits="19" branch="false"/>
            <line number="742" hits="19" branch="false"/>
            <line number="743" hits="19" branch="false"/>
            <line number="744" hits="19" branch="false"/>
            <line number="745" hits="42" branch="true" condition-coverage="0% (0/1)"/>
            <line number="746" hits="42" branch="false"/>
            <line number="747" hits="42" branch="false"/>
            <line number="748" hits="42" branch="false"/>
            <line number="749" hits="42" branch="false"/>
            <line number="750" hits="42" branch="true" condition-coverage="100% (1/1)"/>
            <line number="751" hits="18" branch="false"/>
            <line number="752" hits="18" branch="false"/>
            <line number="753" hits="18" branch="false"/>
            <line number="754" hits="18" branch="false"/>
            <line number="755" hits="18" branch="true" condition-coverage="0% (0/1)"/>
            <line number="756" hits="18" branch="false"/>
            <line number="757" hits="18" branch="false"/>
            <line number="758" hits="18" branch="false"/>
            <line number="759" hits="42" branch="false"/>
            <line number="760" hits="64" branch="true" condition-coverage="100% (1/1)"/>
            <line number="761" hits="14" branch="false"/>
            <line number="762" hits="14" branch="false"/>
            <line number="763" hits="14" branch="false"/>
            <line number="764" hits="14" branch="false"/>
            <line number="765" hits="14" branch="false"/>
            <line number="766" hits="14" branch="false"/>
            <line number="767" hits="14" branch="false"/>
            <line number="768" hits="14" branch="false"/>
            <line number="769" hits="14" branch="false"/>
            <line number="770" hits="14" branch="false"/>
            <line number="771" hits="14" branch="false"/>
            <line number="772" hits="14" branch="false"/>
            <line number="773" hits="4" branch="true" condition-coverage="100% (4/4)"/>
            <line number="774" hits="1" branch="false"/>
            <line number="775" hits="1" branch="false"/>
            <line number="776" hits="1" branch="false"/>
            <line number="777" hits="1" branch="false"/>
            <line number="778" hits="1" branch="false"/>
            <line number="779" hits="1" branch="false"/>
            <line number="780" hits="1" branch="false"/>
            <line number="781" hits="1" branch="false"/>
            <line number="782" hits="1" branch="false"/>
            <line number="783" hits="3" branch="false"/>
            <line number="784" hits="3" branch="false"/>
            <line number="785" hits="3" branch="false"/>
            <line number="786" hits="3" branch="false"/>
            <line number="787" hits="3" branch="false"/>
            <line number="788" hits="3" branch="false"/>
            <line number="789" hits="3" branch="false"/>
            <line number="790" hits="3" branch="false"/>
            <line number="791" hits="3" branch="false"/>
            <line number="792" hits="12" branch="true" condition-coverage="100% (1/1)"/>
            <line number="793" hits="6" branch="false"/>
            <line number="794" hits="6" branch="false"/>
            <line number="795" hits="6" branch="false"/>
            <line number="796" hits="6" branch="true" condition-coverage="0% (0/1)"/>
            <line number="797" hits="6" branch="false"/>
            <line number="798" hits="6" branch="false"/>
            <line number="799" hits="6" branch="false"/>
            <line number="800" hits="14" branch="false"/>
            <line number="801" hits="64" branch="true" condition-coverage="100% (1/1)"/>
            <line number="802" hits="3" branch="false"/>
            <line number="803" hits="3" branch="false"/>
            <line number="804" hits="3" branch="false"/>
            <line number="805" hits="3" branch="false"/>
            <line number="806" hits="3" branch="false"/>
            <line number="807" hits="3" branch="false"/>
            <line number="808" hits="3" branch="false"/>
            <line number="809" hits="3" branch="false"/>
            <line number="810" hits="3" branch="false"/>
            <line number="811" hits="3" branch="false"/>
            <line number="812" hits="2" branch="true" condition-coverage="100% (1/1)"/>
            <line number="813" hits="2" branch="false"/>
            <line number="814" hits="2" branch="false"/>
            <line number="815" hits="2" branch="false"/>
            <line number="816" hits="2" branch="false"/>
            <line number="817" hits="2" branch="false"/>
            <line number="818" hits="2" branch="false"/>
            <line number="819" hits="2" branch="false"/>
            <line number="820" hits="3" branch="true" condition-coverage="100% (1/1)"/>
            <line number="821" hits="1" branch="false"/>
            <line number="822" hits="1" branch="false"/>
            <line number="823" hits="1" branch="true" condition-coverage="0% (0/1)"/>
            <line number="824" hits="1" branch="false"/>
            <line number="825" hits="1" branch="false"/>
            <line number="826" hits="1" branch="false"/>
            <line number="827" hits="3" branch="false"/>
            <line number="828" hits="64" branch="false"/>
          </lines>
        </class>
      </classes>
    </package>
    <package name="dist.attendance" line-rate="0.9043000000000001" branch-rate="0.8795000000000001">
      <classes>
        <class name="AttendanceCSVStorage.js" filename="dist/attendance/AttendanceCSVStorage.js" line-rate="0.9375" branch-rate="0.9387000000000001">
          <methods>
            <method name="AttendanceCSVStorage" hits="98" signature="()V">
              <lines>
                <line number="6" hits="98"/>
              </lines>
            </method>
            <method name="ensureDirectory" hits="140" signature="()V">
              <lines>
                <line number="16" hits="140"/>
              </lines>
            </method>
            <method name="readAll" hits="265" signature="()V">
              <lines>
                <line number="22" hits="265"/>
              </lines>
            </method>
            <method name="write" hits="140" signature="()V">
              <lines>
                <line number="43" hits="140"/>
              </lines>
            </method>
            <method name="getByDate" hits="109" signature="()V">
              <lines>
                <line number="52" hits="109"/>
              </lines>
            </method>
            <method name="getByDateRange" hits="2" signature="()V">
              <lines>
                <line number="56" hits="2"/>
              </lines>
            </method>
            <method name="upsert" hits="132" signature="()V">
              <lines>
                <line number="60" hits="132"/>
              </lines>
            </method>
            <method name="deleteByDate" hits="3" signature="()V">
              <lines>
                <line number="73" hits="3"/>
              </lines>
            </method>
            <method name="parseCSVLine" hits="1627" signature="()V">
              <lines>
                <line number="78" hits="1627"/>
              </lines>
            </method>
            <method name="toCSVLine" hits="1467" signature="()V">
              <lines>
                <line number="101" hits="1467"/>
              </lines>
            </method>
          </methods>
          <lines>
            <line number="1" hits="52" branch="true" condition-coverage="100% (1/1)"/>
            <line number="2" hits="52" branch="false"/>
            <line number="3" hits="52" branch="false"/>
            <line number="4" hits="52" branch="false"/>
            <line number="5" hits="52" branch="false"/>
            <line number="6" hits="52" branch="true" condition-coverage="100% (1/1)"/>
            <line number="7" hits="98" branch="false"/>
            <line number="8" hits="98" branch="false"/>
            <line number="9" hits="98" branch="false"/>
            <line number="10" hits="98" branch="false"/>
            <line number="11" hits="98" branch="false"/>
            <line number="12" hits="98" branch="false"/>
            <line number="13" hits="98" branch="false"/>
            <line number="14" hits="98" branch="true" condition-coverage="100% (1/1)"/>
            <line number="15" hits="98" branch="false"/>
            <line number="16" hits="52" branch="true" condition-coverage="100% (1/1)"/>
            <line number="17" hits="140" branch="false"/>
            <line number="18" hits="140" branch="true" condition-coverage="0% (0/1)"/>
            <line number="19" hits="0" branch="false"/>
            <line number="20" hits="0" branch="false"/>
            <line number="21" hits="140" branch="false"/>
            <line number="22" hits="52" branch="true" condition-coverage="100% (1/1)"/>
            <line number="23" hits="265" branch="false"/>
            <line number="24" hits="265" branch="true" condition-coverage="100% (1/1)"/>
            <line number="25" hits="79" branch="false"/>
            <line number="26" hits="79" branch="false"/>
            <line number="27" hits="186" branch="true" condition-coverage="100% (1/1)"/>
            <line number="28" hits="186" branch="false"/>
            <line number="29" hits="265" branch="true" condition-coverage="100% (2/2)"/>
            <line number="30" hits="1" branch="false"/>
            <line number="31" hits="1" branch="false"/>
            <line number="32" hits="185" branch="true" condition-coverage="100% (1/1)"/>
            <line number="33" hits="265" branch="true" condition-coverage="100% (2/2)"/>
            <line number="34" hits="265" branch="false"/>
            <line number="35" hits="265" branch="true" condition-coverage="100% (1/1)"/>
            <line number="36" hits="265" branch="true" condition-coverage="100% (1/1)"/>
            <line number="37" hits="265" branch="false"/>
            <line number="38" hits="265" branch="true" condition-coverage="0% (0/1)"/>
            <line number="39" hits="0" branch="false"/>
            <line number="40" hits="0" branch="false"/>
[...]
            <line number="7" hits="90" branch="true" condition-coverage="100% (1/1)"/>
            <line number="8" hits="84" branch="false"/>
            <line number="9" hits="84" branch="false"/>
            <line number="10" hits="90" branch="false"/>
            <line number="11" hits="78" branch="false"/>
            <line number="12" hits="78" branch="false"/>
            <line number="13" hits="47" branch="true" condition-coverage="100% (1/1)"/>
            <line number="14" hits="1101" branch="true" condition-coverage="100% (1/1)"/>
            <line number="15" hits="728" branch="false"/>
            <line number="16" hits="728" branch="false"/>
            <line number="17" hits="373" branch="true" condition-coverage="100% (1/1)"/>
            <line number="18" hits="1101" branch="false"/>
            <line number="19" hits="47" branch="true" condition-coverage="100% (1/1)"/>
            <line number="20" hits="115" branch="true" condition-coverage="100% (1/1)"/>
            <line number="21" hits="109" branch="false"/>
            <line number="22" hits="109" branch="false"/>
            <line number="23" hits="10" branch="true" condition-coverage="100% (3/3)"/>
            <line number="24" hits="4" branch="false"/>
            <line number="25" hits="4" branch="false"/>
            <line number="26" hits="2" branch="true" condition-coverage="100% (1/1)"/>
            <line number="27" hits="115" branch="false"/>
            <line number="28" hits="47" branch="true" condition-coverage="100% (1/1)"/>
            <line number="29" hits="4" branch="false"/>
            <line number="30" hits="4" branch="false"/>
            <line number="31" hits="4" branch="true" condition-coverage="0% (0/1)"/>
            <line number="32" hits="4" branch="false"/>
            <line number="33" hits="47" branch="true" condition-coverage="100% (1/1)"/>
            <line number="34" hits="3" branch="false"/>
            <line number="35" hits="3" branch="false"/>
            <line number="36" hits="3" branch="true" condition-coverage="100% (1/1)"/>
            <line number="37" hits="2" branch="false"/>
            <line number="38" hits="2" branch="false"/>
            <line number="39" hits="1" branch="true" condition-coverage="100% (1/1)"/>
            <line number="40" hits="3" branch="false"/>
          </lines>
        </class>
        <class name="browser.js" filename="dist/utils/browser.js" line-rate="0.7812" branch-rate="0.6">
          <methods>
            <method name="openInBrowser" hits="0" signature="()V">
              <lines>
                <line number="6" hits="0"/>
              </lines>
            </method>
            <method name="isBrowserOpenSupported" hits="112" signature="()V">
              <lines>
                <line number="19" hits="112"/>
              </lines>
            </method>
            <method name="generateJiraIssueUrl" hits="5" signature="()V">
              <lines>
                <line number="28" hits="5"/>
              </lines>
            </method>
          </methods>
          <lines>
            <line number="1" hits="44" branch="true" condition-coverage="100% (1/1)"/>
            <line number="2" hits="44" branch="false"/>
            <line number="3" hits="44" branch="false"/>
            <line number="4" hits="44" branch="false"/>
            <line number="5" hits="44" branch="false"/>
            <line number="6" hits="44" branch="false"/>
            <line number="7" hits="0" branch="false"/>
            <line number="8" hits="0" branch="false"/>
            <line number="9" hits="0" branch="false"/>
            <line number="10" hits="0" branch="false"/>
            <line number="11" hits="0" branch="false"/>
            <line number="12" hits="0" branch="false"/>
            <line number="13" hits="0" branch="false"/>
            <line number="14" hits="44" branch="false"/>
            <line number="15" hits="44" branch="false"/>
            <line number="16" hits="44" branch="false"/>
            <line number="17" hits="44" branch="false"/>
            <line number="18" hits="44" branch="false"/>
            <line number="19" hits="44" branch="true" condition-coverage="100% (1/1)"/>
            <line number="20" hits="112" branch="false"/>
            <line number="21" hits="112" branch="false"/>
            <line number="22" hits="112" branch="false"/>
            <line number="23" hits="112" branch="true" condition-coverage="0% (0/2)"/>
            <line number="24" hits="112" branch="false"/>
            <line number="25" hits="44" branch="false"/>
            <line number="26" hits="44" branch="false"/>
            <line number="27" hits="44" branch="false"/>
            <line number="28" hits="44" branch="true" condition-coverage="100% (1/1)"/>
            <line number="29" hits="5" branch="false"/>
            <line number="30" hits="5" branch="false"/>
            <line number="31" hits="5" branch="false"/>
            <line number="32" hits="5" branch="false"/>
          </lines>
        </class>
        <class name="date.js" filename="dist/utils/date.js" line-rate="1" branch-rate="1">
          <methods>
            <method name="formatLocalDateKey" hits="2290" signature="()V">
              <lines>
                <line number="1" hits="2290"/>
              </lines>
            </method>
            <method name="getStartOfWeek" hits="236" signature="()V">
              <lines>
                <line number="8" hits="236"/>
              </lines>
            </method>
            <method name="getEndOfWeek" hits="118" signature="()V">
              <lines>
                <line number="16" hits="118"/>
              </lines>
            </method>
          </methods>
          <lines>
            <line number="1" hits="54" branch="true" condition-coverage="100% (2/2)"/>
            <line number="2" hits="2290" branch="false"/>
            <line number="3" hits="2290" branch="false"/>
            <line number="4" hits="2290" branch="false"/>
            <line number="5" hits="2290" branch="false"/>
            <line number="6" hits="2290" branch="false"/>
            <line number="7" hits="2290" branch="false"/>
            <line number="8" hits="54" branch="true" condition-coverage="100% (1/1)"/>
            <line number="9" hits="236" branch="false"/>
            <line number="10" hits="236" branch="false"/>
            <line number="11" hits="236" branch="true" condition-coverage="100% (2/2)"/>
            <line number="12" hits="236" branch="false"/>
            <line number="13" hits="236" branch="false"/>
            <line number="14" hits="236" branch="false"/>
            <line number="15" hits="236" branch="false"/>
            <line number="16" hits="54" branch="true" condition-coverage="100% (1/1)"/>
            <line number="17" hits="118" branch="false"/>
            <line number="18" hits="118" branch="false"/>
            <line number="19" hits="118" branch="false"/>
            <line number="20" hits="118" branch="false"/>
            <line number="21" hits="118" branch="false"/>
            <line number="22" hits="118" branch="false"/>
          </lines>
        </class>
        <class name="inputValidation.js" filename="dist/utils/inputValidation.js" line-rate="1" branch-rate="0.9767">
          <methods>
            <method name="InputValidation" hits="145" signature="()V">
              <lines>
                <line number="2" hits="145"/>
              </lines>
            </method>
            <method name="isValidInputChar" hits="219" signature="()V">
              <lines>
                <line number="11" hits="219"/>
              </lines>
            </method>
            <method name="createInputValidator" hits="134" signature="()V">
              <lines>
                <line number="74" hits="134"/>
              </lines>
            </method>
          </methods>
          <lines>
            <line number="1" hits="51" branch="true" condition-coverage="100% (1/1)"/>
            <line number="2" hits="51" branch="true" condition-coverage="100% (1/1)"/>
            <line number="3" hits="145" branch="false"/>
            <line number="4" hits="145" branch="false"/>
            <line number="5" hits="145" branch="false"/>
            <line number="6" hits="145" branch="false"/>
            <line number="7" hits="145" branch="false"/>
            <line number="8" hits="145" branch="false"/>
            <line number="9" hits="145" branch="false"/>
            <line number="10" hits="145" branch="false"/>
            <line number="11" hits="51" branch="true" condition-coverage="100% (1/1)"/>
            <line number="12" hits="219" branch="false"/>
            <line number="13" hits="219" branch="false"/>
            <line number="14" hits="219" branch="false"/>
            <line number="15" hits="219" branch="false"/>
            <line number="16" hits="219" branch="true" condition-coverage="100% (1/1)"/>
            <line number="17" hits="213" branch="true" condition-coverage="100% (1/1)"/>
            <line number="18" hits="213" branch="false"/>
            <line number="19" hits="213" branch="false"/>
            <line number="20" hits="219" branch="true" condition-coverage="100% (1/1)"/>
            <line number="21" hits="207" branch="true" condition-coverage="100% (1/1)"/>
            <line number="22" hits="207" branch="false"/>
            <line number="23" hits="219" branch="true" condition-coverage="100% (2/2)"/>
            <line number="24" hits="200" branch="false"/>
            <line number="25" hits="219" branch="true" condition-coverage="100% (3/3)"/>
            <line number="26" hits="219" branch="true" condition-coverage="100% (1/1)"/>
            <line number="27" hits="219" branch="true" condition-coverage="100% (2/2)"/>
            <line number="28" hits="194" branch="false"/>
            <line number="29" hits="219" branch="true" condition-coverage="100% (2/2)"/>
            <line number="30" hits="186" branch="false"/>
            <line number="31" hits="186" branch="false"/>
            <line number="32" hits="219" branch="true" condition-coverage="100% (1/1)"/>
            <line number="33" hits="182" branch="true" condition-coverage="100% (1/1)"/>
            <line number="34" hits="219" branch="true" condition-coverage="100% (1/1)"/>
            <line number="35" hits="98" branch="false"/>
            <line number="36" hits="98" branch="true" condition-coverage="100% (1/1)"/>
            <line number="37" hits="68" branch="false"/>
            <line number="38" hits="68" branch="false"/>
            <line number="39" hits="68" branch="true" condition-coverage="100% (1/1)"/>
            <line number="40" hits="61" branch="true" condition-coverage="100% (1/1)"/>
            <line number="41" hits="61" branch="false"/>
            <line number="42" hits="68" branch="true" condition-coverage="100% (1/1)"/>
            <line number="43" hits="57" branch="true" condition-coverage="100% (1/1)"/>
            <line number="44" hits="57" branch="false"/>
            <line number="45" hits="68" branch="true" condition-coverage="100% (1/1)"/>
            <line number="46" hits="55" branch="true" condition-coverage="100% (1/1)"/>
            <line number="47" hits="55" branch="false"/>
            <line number="48" hits="68" branch="true" condition-coverage="100% (1/1)"/>
            <line number="49" hits="53" branch="true" condition-coverage="100% (1/1)"/>
            <line number="50" hits="68" branch="true" condition-coverage="100% (1/1)"/>
            <line number="51" hits="19" branch="false"/>
            <line number="52" hits="19" branch="false"/>
            <line number="53" hits="19" branch="true" condition-coverage="100% (1/1)"/>
            <line number="54" hits="18" branch="true" condition-coverage="100% (1/1)"/>
            <line number="55" hits="18" branch="false"/>
            <line number="56" hits="19" branch="true" condition-coverage="0% (0/1)"/>
            <line number="57" hits="19" branch="false"/>
            <line number="58" hits="52" branch="true" condition-coverage="100% (1/1)"/>
            <line number="59" hits="52" branch="false"/>
            <line number="60" hits="68" branch="true" condition-coverage="100% (1/1)"/>
            <line number="61" hits="68" branch="false"/>
            <line number="62" hits="78" branch="true" condition-coverage="100% (1/1)"/>
            <line number="63" hits="98" branch="true" condition-coverage="100% (1/1)"/>
            <line number="64" hits="98" branch="false"/>
            <line number="65" hits="98" branch="true" condition-coverage="100% (1/1)"/>
            <line number="66" hits="70" branch="true" condition-coverage="100% (1/1)"/>
            <line number="67" hits="98" branch="true" condition-coverage="100% (1/1)"/>
            <line number="68" hits="98" branch="false"/>
            <line number="69" hits="98" branch="true" condition-coverage="100% (1/1)"/>
            <line number="70" hits="98" branch="false"/>
            <line number="71" hits="149" branch="true" condition-coverage="100% (1/1)"/>
            <line number="72" hits="219" branch="false"/>
            <line number="73" hits="51" branch="false"/>
            <line number="74" hits="51" branch="true" condition-coverage="100% (1/1)"/>
            <line number="75" hits="134" branch="false"/>
            <line number="76" hits="134" branch="false"/>
          </lines>
        </class>
        <class name="logger.js" filename="dist/utils/logger.js" line-rate="0.88" branch-rate="0.4">
          <methods>
            <method name="createUILogger" hits="51" signature="()V">
              <lines>
                <line number="4" hits="51"/>
              </lines>
            </method>
          </methods>
          <lines>
            <line number="1" hits="51" branch="true" condition-coverage="100% (1/1)"/>
            <line number="2" hits="51" branch="false"/>
            <line number="3" hits="51" branch="false"/>
            <line number="4" hits="51" branch="true" condition-coverage="100% (1/1)"/>
            <line number="5" hits="51" branch="true" condition-coverage="0% (0/1)"/>
            <line number="6" hits="51" branch="false"/>
            <line number="7" hits="51" branch="false"/>
            <line number="8" hits="51" branch="false"/>
            <line number="9" hits="51" branch="false"/>
            <line number="10" hits="51" branch="false"/>
            <line number="11" hits="51" branch="true" condition-coverage="0% (0/1)"/>
            <line number="12" hits="51" branch="false"/>
            <line number="13" hits="51" branch="false"/>
            <line number="14" hits="51" branch="false"/>
            <line number="15" hits="51" branch="false"/>
            <line number="16" hits="51" branch="true" condition-coverage="0% (0/1)"/>
            <line number="17" hits="0" branch="false"/>
            <line number="18" hits="0" branch="false"/>
            <line number="19" hits="0" branch="false"/>
            <line number="20" hits="51" branch="false"/>
            <line number="21" hits="51" branch="false"/>
            <line number="22" hits="51" branch="false"/>
            <line number="23" hits="51" branch="false"/>
            <line number="24" hits="51" branch="false"/>
            <line number="25" hits="51" branch="false"/>
          </lines>
        </class>
        <class name="worklog-detection.js" filename="dist/utils/worklog-detection.js" line-rate="0.9655" branch-rate="0.9444">
          <methods>
            <method name="detectWorklogForEdit" hits="17" signature="()V">
              <lines>
                <line number="6" hits="17"/>
              </lines>
            </method>
            <method name="formatHoursAsTimeSpent" hits="10" signature="()V">
              <lines>
                <line number="36" hits="10"/>
              </lines>
            </method>
            <method name="findWorklogEntryForIssue" hits="5" signature="()V">
              <lines>
                <line number="56" hits="5"/>
              </lines>
            </method>
          </methods>
          <lines>
            <line number="1" hits="45" branch="true" condition-coverage="100% (1/1)"/>
            <line number="2" hits="45" branch="false"/>
            <line number="3" hits="45" branch="false"/>
            <line number="4" hits="45" branch="false"/>
            <line number="5" hits="45" branch="false"/>
            <line number="6" hits="45" branch="true" condition-coverage="100% (1/1)"/>
            <line number="7" hits="17" branch="true" condition-coverage="100% (2/2)"/>
            <line number="8" hits="6" branch="false"/>
            <line number="9" hits="6" branch="false"/>
            <line number="10" hits="6" branch="false"/>
            <line number="11" hits="6" branch="false"/>
            <line number="12" hits="6" branch="false"/>
            <line number="13" hits="11" branch="true" condition-coverage="100% (2/2)"/>
            <line number="14" hits="11" branch="false"/>
            <line number="15" hits="13" branch="true" condition-coverage="100% (1/1)"/>
            <line number="16" hits="10" branch="false"/>
            <line number="17" hits="10" branch="false"/>
            <line number="18" hits="10" branch="false"/>
            <line number="19" hits="10" branch="false"/>
            <line number="20" hits="10" branch="true" condition-coverage="100% (1/1)"/>
            <line number="21" hits="10" branch="false"/>
            <line number="22" hits="10" branch="false"/>
            <line number="23" hits="10" branch="false"/>
            <line number="24" hits="1" branch="true" condition-coverage="100% (1/1)"/>
            <line number="25" hits="1" branch="false"/>
            <line number="26" hits="1" branch="false"/>
            <line number="27" hits="1" branch="false"/>
            <line number="28" hits="1" branch="false"/>
            <line number="29" hits="1" branch="false"/>
            <line number="30" hits="17" branch="false"/>
            <line number="31" hits="45" branch="false"/>
            <line number="32" hits="45" branch="false"/>
            <line number="33" hits="45" branch="false"/>
            <line number="34" hits="45" branch="false"/>
            <line number="35" hits="45" branch="false"/>
            <line number="36" hits="10" branch="true" condition-coverage="100% (1/1)"/>
            <line number="37" hits="10" branch="true" condition-coverage="0% (0/1)"/>
            <line number="38" hits="0" branch="false"/>
            <line number="39" hits="0" branch="false"/>
            <line number="40" hits="10" branch="false"/>
            <line number="41" hits="10" branch="false"/>
            <line number="42" hits="10" branch="true" condition-coverage="100% (2/2)"/>
            <line number="43" hits="3" branch="false"/>
            <line number="44" hits="3" branch="false"/>
            <line number="45" hits="10" branch="true" condition-coverage="100% (2/2)"/>
            <line number="46" hits="3" branch="false"/>
            <line number="47" hits="3" branch="false"/>
            <line number="48" hits="4" branch="true" condition-coverage="100% (1/1)"/>
            <line number="49" hits="10" branch="false"/>
            <line number="50" hits="45" branch="false"/>
            <line number="51" hits="45" branch="false"/>
            <line number="52" hits="45" branch="false"/>
            <line number="53" hits="45" branch="false"/>
            <line number="54" hits="45" branch="false"/>
            <line number="55" hits="45" branch="false"/>
            <line number="56" hits="45" branch="true" condition-coverage="100% (1/1)"/>
            <line number="57" hits="5" branch="true" condition-coverage="100% (1/1)"/>
            <line number="58" hits="5" branch="false"/>
          </lines>
        </class>
      </classes>
    </package>
  </packages>
</coverage>
